<?xml version="1.0" encoding="UTF-8"?>
<testsuite name="org.springframework.beans.BeanUtilsTests" tests="1" skipped="0" failures="0" errors="0" timestamp="2020-01-22T09:20:17" hostname="Windows-PC" time="0.358">
  <properties/>
  <testcase name="testCopyPropertiesWithDifferentTypes2()" classname="org.springframework.beans.BeanUtilsTests" time="0.358"/>
  <system-out><![CDATA[]]></system-out>
  <system-err><![CDATA[]]></system-err>
</testsuite>
